# JRE version: OpenJDK Runtime Environment (8.0_111-b15) (build 1.8.0_111-b15)
# Java VM: OpenJDK 64-Bit Server VM (25.111-b15 mixed mode linux-amd64 compressed oops)
Heap:
 PSYoungGen      total 68608K, used 1193K [0x00000000f5580000, 0x00000000f9b80000, 0x0000000100000000)
  eden space 65536K, 0% used [0x00000000f5580000,0x00000000f5580000,0x00000000f9580000)
  from space 3072K, 38% used [0x00000000f9580000,0x00000000f96aa6f0,0x00000000f9880000)
  to   space 3072K, 0% used [0x00000000f9880000,0x00000000f9880000,0x00000000f9b80000)
 ParOldGen       total 20480K, used 4852K [0x00000000e0000000, 0x00000000e1400000, 0x00000000f5580000)
  object space 20480K, 23% used [0x00000000e0000000,0x00000000e04bd3c8,0x00000000e1400000)
 Metaspace       used 7587K, capacity 7716K, committed 8064K, reserved 1056768K
  class space    used 759K, capacity 784K, committed 896K, reserved 1048576K
GC Heap History (10 events):
Event: 24.500 GC heap after
Heap after GC invocations=4 (full 0):
 PSYoungGen      total 17408K, used 1000K [0x00000000f5580000, 0x00000000f6780000, 0x0000000100000000)
  eden space 16384K, 0% used [0x00000000f5580000,0x00000000f5580000,0x00000000f6580000)
  from space 1024K, 97% used [0x00000000f6680000,0x00000000f677a360,0x00000000f6780000)
  to   space 1024K, 0% used [0x00000000f6580000,0x00000000f6580000,0x00000000f6680000)
 ParOldGen       total 20480K, used 3119K [0x00000000e0000000, 0x00000000e1400000, 0x00000000f5580000)
  object space 20480K, 15% used [0x00000000e0000000,0x00000000e030bfb0,0x00000000e1400000)
 Metaspace       used 7563K, capacity 7652K, committed 7808K, reserved 1056768K
  class space    used 759K, capacity 784K, committed 896K, reserved 1048576K
}
Event: 24.577 GC heap before
{Heap before GC invocations=5 (full 0):
 PSYoungGen      total 17408K, used 17384K [0x00000000f5580000, 0x00000000f6780000, 0x0000000100000000)
  eden space 16384K, 100% used [0x00000000f5580000,0x00000000f6580000,0x00000000f6580000)
  from space 1024K, 97% used [0x00000000f6680000,0x00000000f677a360,0x00000000f6780000)
  to   space 1024K, 0% used [0x00000000f6580000,0x00000000f6580000,0x00000000f6680000)
 ParOldGen       total 20480K, used 3119K [0x00000000e0000000, 0x00000000e1400000, 0x00000000f5580000)
  object space 20480K, 15% used [0x00000000e0000000,0x00000000e030bfb0,0x00000000e1400000)
 Metaspace       used 7575K, capacity 7652K, committed 7808K, reserved 1056768K
  class space    used 759K, capacity 784K, committed 896K, reserved 1048576K
Event: 24.592 GC heap after
Heap after GC invocations=5 (full 0):
 PSYoungGen      total 17408K, used 1000K [0x00000000f5580000, 0x00000000f7c80000, 0x0000000100000000)
  eden space 16384K, 0% used [0x00000000f5580000,0x00000000f5580000,0x00000000f6580000)
  from space 1024K, 97% used [0x00000000f6580000,0x00000000f667a360,0x00000000f6680000)
  to   space 3584K, 0% used [0x00000000f7900000,0x00000000f7900000,0x00000000f7c80000)
 ParOldGen       total 20480K, used 3502K [0x00000000e0000000, 0x00000000e1400000, 0x00000000f5580000)
  object space 20480K, 17% used [0x00000000e0000000,0x00000000e036ba90,0x00000000e1400000)
 Metaspace       used 7575K, capacity 7652K, committed 7808K, reserved 1056768K
  class space    used 759K, capacity 784K, committed 896K, reserved 1048576K
}
Event: 24.669 GC heap before
{Heap before GC invocations=6 (full 0):
 PSYoungGen      total 17408K, used 17384K [0x00000000f5580000, 0x00000000f7c80000, 0x0000000100000000)
  eden space 16384K, 100% used [0x00000000f5580000,0x00000000f6580000,0x00000000f6580000)
  from space 1024K, 97% used [0x00000000f6580000,0x00000000f667a360,0x00000000f6680000)
  to   space 3584K, 0% used [0x00000000f7900000,0x00000000f7900000,0x00000000f7c80000)
 ParOldGen       total 20480K, used 3502K [0x00000000e0000000, 0x00000000e1400000, 0x00000000f5580000)
  object space 20480K, 17% used [0x00000000e0000000,0x00000000e036ba90,0x00000000e1400000)
 Metaspace       used 7576K, capacity 7652K, committed 7808K, reserved 1056768K
  class space    used 759K, capacity 784K, committed 896K, reserved 1048576K
Event: 24.850 GC heap after
Heap after GC invocations=6 (full 0):
 PSYoungGen      total 35328K, used 1601K [0x00000000f5580000, 0x00000000f7b80000, 0x0000000100000000)
  eden space 32768K, 0% used [0x00000000f5580000,0x00000000f5580000,0x00000000f7580000)
  from space 2560K, 62% used [0x00000000f7900000,0x00000000f7a90668,0x00000000f7b80000)
  to   space 3072K, 0% used [0x00000000f7580000,0x00000000f7580000,0x00000000f7880000)
 ParOldGen       total 20480K, used 3502K [0x00000000e0000000, 0x00000000e1400000, 0x00000000f5580000)
  object space 20480K, 17% used [0x00000000e0000000,0x00000000e036ba90,0x00000000e1400000)
 Metaspace       used 7576K, capacity 7652K, committed 7808K, reserved 1056768K
  class space    used 759K, capacity 784K, committed 896K, reserved 1048576K
}
Event: 25.451 GC heap before
{Heap before GC invocations=7 (full 0):
 PSYoungGen      total 35328K, used 34369K [0x00000000f5580000, 0x00000000f7b80000, 0x0000000100000000)
  eden space 32768K, 100% used [0x00000000f5580000,0x00000000f7580000,0x00000000f7580000)
  from space 2560K, 62% used [0x00000000f7900000,0x00000000f7a90668,0x00000000f7b80000)
  to   space 3072K, 0% used [0x00000000f7580000,0x00000000f7580000,0x00000000f7880000)
 ParOldGen       total 20480K, used 3502K [0x00000000e0000000, 0x00000000e1400000, 0x00000000f5580000)
  object space 20480K, 17% used [0x00000000e0000000,0x00000000e036ba90,0x00000000e1400000)
 Metaspace       used 7577K, capacity 7652K, committed 7808K, reserved 1056768K
  class space    used 759K, capacity 784K, committed 896K, reserved 1048576K
Event: 25.456 GC heap after
Heap after GC invocations=7 (full 0):
 PSYoungGen      total 35840K, used 2038K [0x00000000f5580000, 0x00000000f9b80000, 0x0000000100000000)
  eden space 32768K, 0% used [0x00000000f5580000,0x00000000f5580000,0x00000000f7580000)
  from space 3072K, 66% used [0x00000000f7580000,0x00000000f777d808,0x00000000f7880000)
  to   space 3072K, 0% used [0x00000000f9880000,0x00000000f9880000,0x00000000f9b80000)
 ParOldGen       total 20480K, used 4511K [0x00000000e0000000, 0x00000000e1400000, 0x00000000f5580000)
  object space 20480K, 22% used [0x00000000e0000000,0x00000000e0467df0,0x00000000e1400000)
 Metaspace       used 7577K, capacity 7652K, committed 7808K, reserved 1056768K
  class space    used 759K, capacity 784K, committed 896K, reserved 1048576K
}
Event: 25.601 GC heap before
{Heap before GC invocations=8 (full 0):
 PSYoungGen      total 35840K, used 34570K [0x00000000f5580000, 0x00000000f9b80000, 0x0000000100000000)
  eden space 32768K, 99% used [0x00000000f5580000,0x00000000f7545190,0x00000000f7580000)
  from space 3072K, 66% used [0x00000000f7580000,0x00000000f777d808,0x00000000f7880000)
  to   space 3072K, 0% used [0x00000000f9880000,0x00000000f9880000,0x00000000f9b80000)
 ParOldGen       total 20480K, used 4511K [0x00000000e0000000, 0x00000000e1400000, 0x00000000f5580000)
  object space 20480K, 22% used [0x00000000e0000000,0x00000000e0467df0,0x00000000e1400000)
 Metaspace       used 7584K, capacity 7652K, committed 7808K, reserved 1056768K
  class space    used 759K, capacity 784K, committed 896K, reserved 1048576K
Event: 25.603 GC heap after
Heap after GC invocations=8 (full 0):
 PSYoungGen      total 68608K, used 662K [0x00000000f5580000, 0x00000000f9b80000, 0x0000000100000000)
  eden space 65536K, 0% used [0x00000000f5580000,0x00000000f5580000,0x00000000f9580000)
  from space 3072K, 21% used [0x00000000f9880000,0x00000000f9925870,0x00000000f9b80000)
  to   space 3072K, 0% used [0x00000000f9580000,0x00000000f9580000,0x00000000f9880000)
 ParOldGen       total 20480K, used 4519K [0x00000000e0000000, 0x00000000e1400000, 0x00000000f5580000)
  object space 20480K, 22% used [0x00000000e0000000,0x00000000e0469df0,0x00000000e1400000)
 Metaspace       used 7584K, capacity 7652K, committed 7808K, reserved 1056768K
  class space    used 759K, capacity 784K, committed 896K, reserved 1048576K
}
Event: 31.348 GC heap before
{Heap before GC invocations=9 (full 0):
 PSYoungGen      total 68608K, used 65545K [0x00000000f5580000, 0x00000000f9b80000, 0x0000000100000000)
  eden space 65536K, 99% used [0x00000000f5580000,0x00000000f94dccd0,0x00000000f9580000)
  from space 3072K, 21% used [0x00000000f9880000,0x00000000f9925870,0x00000000f9b80000)
  to   space 3072K, 0% used [0x00000000f9580000,0x00000000f9580000,0x00000000f9880000)
 ParOldGen       total 20480K, used 4519K [0x00000000e0000000, 0x00000000e1400000, 0x00000000f5580000)
  object space 20480K, 22% used [0x00000000e0000000,0x00000000e0469df0,0x00000000e1400000)
 Metaspace       used 7587K, capacity 7716K, committed 8064K, reserved 1056768K
  class space    used 759K, capacity 784K, committed 896K, reserved 1048576K

